
  .   ____          _            __ _ _
 /\\ / ___'_ __ _ _(_)_ __  __ _ \ \ \ \
( ( )\___ | '_ | '_| | '_ \/ _` | \ \ \ \
 \\/  ___)| |_)| | | | | || (_| |  ) ) ) )
  '  |____| .__|_| |_|_| |_\__, | / / / /
 =========|_|==============|___/=/_/_/_/
 :: Spring Boot ::                (v3.2.5)

2026-04-21T18:54:38.135-03:00  INFO 20608 --- [biblioteca] [           main] c.umc.biblioteca.BibliotecaApplication   : Starting BibliotecaApplication v0.0.1-SNAPSHOT using Java 17.0.12 with PID 20608 (C:\Users\lud_b\OneDrive\Documentos\umc\biblioteca-backend-java 1\biblioteca-backend-java\biblioteca-backend-java\biblioteca\target\biblioteca-0.0.1-SNAPSHOT.jar started by lud_b in C:\Users\lud_b\OneDrive\Documentos\umc\biblioteca-backend-java 1\biblioteca-backend-java\biblioteca-backend-java\biblioteca)
2026-04-21T18:54:38.152-03:00  INFO 20608 --- [biblioteca] [           main] c.umc.biblioteca.BibliotecaApplication   : No active profile set, falling back to 1 default profile: "default"
2026-04-21T18:54:40.720-03:00  INFO 20608 --- [biblioteca] [           main] .s.d.r.c.RepositoryConfigurationDelegate : Bootstrapping Spring Data MongoDB repositories in DEFAULT mode.
2026-04-21T18:54:40.867-03:00  INFO 20608 --- [biblioteca] [           main] .s.d.r.c.RepositoryConfigurationDelegate : Finished Spring Data repository scanning in 133 ms. Found 4 MongoDB repository interfaces.
2026-04-21T18:54:50.082-03:00  INFO 20608 --- [biblioteca] [           main] o.s.b.w.embedded.tomcat.TomcatWebServer  : Tomcat initialized with port 8080 (http)
2026-04-21T18:54:50.104-03:00  INFO 20608 --- [biblioteca] [           main] o.apache.catalina.core.StandardService   : Starting service [Tomcat]
2026-04-21T18:54:50.105-03:00  INFO 20608 --- [biblioteca] [           main] o.apache.catalina.core.StandardEngine    : Starting Servlet engine: [Apache Tomcat/10.1.20]
2026-04-21T18:54:50.163-03:00  INFO 20608 --- [biblioteca] [           main] o.a.c.c.C.[Tomcat].[localhost].[/]       : Initializing Spring embedded WebApplicationContext
2026-04-21T18:54:50.165-03:00  INFO 20608 --- [biblioteca] [           main] w.s.c.ServletWebServerApplicationContext : Root WebApplicationContext: initialization completed in 11758 ms
2026-04-21T18:54:50.598-03:00  INFO 20608 --- [biblioteca] [           main] org.mongodb.driver.client                : MongoClient with metadata {"driver": {"name": "mongo-java-driver|sync|spring-boot", "version": "4.11.2"}, "os": {"type": "Windows", "name": "Windows 11", "architecture": "amd64", "version": "10.0"}, "platform": "Java/Oracle Corporation/17.0.12+8-LTS-286"} created with settings MongoClientSettings{readPreference=primary, writeConcern=WriteConcern{w=null, wTimeout=null ms, journal=null}, retryWrites=true, retryReads=true, readConcern=ReadConcern{level=null}, credential=null, transportSettings=null, streamFactoryFactory=null, commandListeners=[], codecRegistry=ProvidersCodecRegistry{codecProviders=[ValueCodecProvider{}, BsonValueCodecProvider{}, DBRefCodecProvider{}, DBObjectCodecProvider{}, DocumentCodecProvider{}, CollectionCodecProvider{}, IterableCodecProvider{}, MapCodecProvider{}, GeoJsonCodecProvider{}, GridFSFileCodecProvider{}, Jsr310CodecProvider{}, JsonObjectCodecProvider{}, BsonCodecProvider{}, EnumCodecProvider{}, com.mongodb.client.model.mql.ExpressionCodecProvider@5ec1963c, com.mongodb.Jep395RecordCodecProvider@7dcb42a9, com.mongodb.KotlinCodecProvider@6af90849]}, loggerSettings=LoggerSettings{maxDocumentLength=1000}, clusterSettings={hosts=[127.0.0.1:27017], srvServiceName=mongodb, mode=SINGLE, requiredClusterType=UNKNOWN, requiredReplicaSetName='null', serverSelector='null', clusterListeners='[]', serverSelectionTimeout='30000 ms', localThreshold='15 ms'}, socketSettings=SocketSettings{connectTimeoutMS=10000, readTimeoutMS=0, receiveBufferSize=0, proxySettings=ProxySettings{host=null, port=null, username=null, password=null}}, heartbeatSocketSettings=SocketSettings{connectTimeoutMS=10000, readTimeoutMS=10000, receiveBufferSize=0, proxySettings=ProxySettings{host=null, port=null, username=null, password=null}}, connectionPoolSettings=ConnectionPoolSettings{maxSize=100, minSize=0, maxWaitTimeMS=120000, maxConnectionLifeTimeMS=0, maxConnectionIdleTimeMS=0, maintenanceInitialDelayMS=0, maintenanceFrequencyMS=60000, connectionPoolListeners=[], maxConnecting=2}, serverSettings=ServerSettings{heartbeatFrequencyMS=10000, minHeartbeatFrequencyMS=500, serverListeners='[]', serverMonitorListeners='[]'}, sslSettings=SslSettings{enabled=false, invalidHostNameAllowed=false, context=null}, applicationName='null', compressorList=[], uuidRepresentation=JAVA_LEGACY, serverApi=null, autoEncryptionSettings=null, dnsClient=null, inetAddressResolver=null, contextProvider=null}
2026-04-21T18:54:50.591-03:00  INFO 20608 --- [biblioteca] [127.0.0.1:27017] org.mongodb.driver.cluster               : Exception in monitor thread while connecting to server 127.0.0.1:27017

com.mongodb.MongoSocketOpenException: Exception opening socket
	at com.mongodb.internal.connection.SocketStream.lambda$open$0(SocketStream.java:84) ~[mongodb-driver-core-4.11.2.jar!/:na]
	at java.base/java.util.Optional.orElseThrow(Optional.java:403) ~[na:na]
	at com.mongodb.internal.connection.SocketStream.open(SocketStream.java:84) ~[mongodb-driver-core-4.11.2.jar!/:na]
	at com.mongodb.internal.connection.InternalStreamConnection.open(InternalStreamConnection.java:211) ~[mongodb-driver-core-4.11.2.jar!/:na]
	at com.mongodb.internal.connection.DefaultServerMonitor$ServerMonitorRunnable.lookupServerDescription(DefaultServerMonitor.java:193) ~[mongodb-driver-core-4.11.2.jar!/:na]
	at com.mongodb.internal.connection.DefaultServerMonitor$ServerMonitorRunnable.run(DefaultServerMonitor.java:153) ~[mongodb-driver-core-4.11.2.jar!/:na]
	at java.base/java.lang.Thread.run(Thread.java:842) ~[na:na]
Caused by: java.net.ConnectException: Connection refused: no further information
	at java.base/sun.nio.ch.Net.pollConnect(Native Method) ~[na:na]
	at java.base/sun.nio.ch.Net.pollConnectNow(Net.java:672) ~[na:na]
	at java.base/sun.nio.ch.NioSocketImpl.timedFinishConnect(NioSocketImpl.java:547) ~[na:na]
	at java.base/sun.nio.ch.NioSocketImpl.connect(NioSocketImpl.java:602) ~[na:na]
	at java.base/java.net.SocksSocketImpl.connect(SocksSocketImpl.java:327) ~[na:na]
	at java.base/java.net.Socket.connect(Socket.java:633) ~[na:na]
	at com.mongodb.internal.connection.SocketStreamHelper.initialize(SocketStreamHelper.java:76) ~[mongodb-driver-core-4.11.2.jar!/:na]
	at com.mongodb.internal.connection.SocketStream.initializeSocket(SocketStream.java:104) ~[mongodb-driver-core-4.11.2.jar!/:na]
	at com.mongodb.internal.connection.SocketStream.open(SocketStream.java:78) ~[mongodb-driver-core-4.11.2.jar!/:na]
	... 4 common frames omitted

2026-04-21T18:54:52.471-03:00  INFO 20608 --- [biblioteca] [           main] o.s.s.web.DefaultSecurityFilterChain     : Will secure any request with [org.springframework.security.web.session.DisableEncodeUrlFilter@b01cb8d, org.springframework.security.web.context.request.async.WebAsyncManagerIntegrationFilter@38c460e8, org.springframework.security.web.context.SecurityContextHolderFilter@b5d9f1e, org.springframework.security.web.header.HeaderWriterFilter@423f8a73, org.springframework.web.filter.CorsFilter@7a814310, org.springframework.security.web.csrf.CsrfFilter@7b3cbe6e, org.springframework.security.web.authentication.logout.LogoutFilter@6bcdd6e4, org.springframework.security.web.authentication.UsernamePasswordAuthenticationFilter@dc59ec2, org.springframework.security.web.savedrequest.RequestCacheAwareFilter@401317a0, org.springframework.security.web.servletapi.SecurityContextHolderAwareRequestFilter@3f866f50, org.springframework.security.web.authentication.AnonymousAuthenticationFilter@4bbf38b8, org.springframework.security.web.access.ExceptionTranslationFilter@664db2ca, org.springframework.security.web.access.intercept.AuthorizationFilter@5abf6a99]
2026-04-21T18:54:52.980-03:00  INFO 20608 --- [biblioteca] [           main] o.s.b.w.embedded.tomcat.TomcatWebServer  : Tomcat started on port 8080 (http) with context path ''
2026-04-21T18:54:53.026-03:00  INFO 20608 --- [biblioteca] [           main] c.umc.biblioteca.BibliotecaApplication   : Started BibliotecaApplication in 16.77 seconds (process running for 17.912)
2026-04-21T18:54:53.197-03:00  INFO 20608 --- [biblioteca] [           main] org.mongodb.driver.cluster               : No server chosen by ReadPreferenceServerSelector{readPreference=primary} from cluster description ClusterDescription{type=UNKNOWN, connectionMode=SINGLE, serverDescriptions=[ServerDescription{address=127.0.0.1:27017, type=UNKNOWN, state=CONNECTING, exception={com.mongodb.MongoSocketOpenException: Exception opening socket}, caused by {java.net.ConnectException: Connection refused: no further information}}]}. Waiting for 30000 ms before timing out
2026-04-21T18:55:10.441-03:00  INFO 20608 --- [biblioteca] [nio-8080-exec-1] o.a.c.c.C.[Tomcat].[localhost].[/]       : Initializing Spring DispatcherServlet 'dispatcherServlet'
2026-04-21T18:55:10.442-03:00  INFO 20608 --- [biblioteca] [nio-8080-exec-1] o.s.web.servlet.DispatcherServlet        : Initializing Servlet 'dispatcherServlet'
2026-04-21T18:55:10.444-03:00  INFO 20608 --- [biblioteca] [nio-8080-exec-1] o.s.web.servlet.DispatcherServlet        : Completed initialization in 1 ms
